<?xml version="1.0" encoding="UTF-8"?>
<!-- Generated by org.testng.reporters.JUnitReportReporter -->
<testsuite hostname="Jagdish" failures="0" tests="3" name="com.nopcommerce.testcases.HomePageTest" time="11.932" errors="0" timestamp="2023-09-07T15:12:26 IST" skipped="0">
  <testcase classname="com.nopcommerce.testcases.HomePageTest" name="verifyPageTitle" time="4.555"/>
  <testcase classname="com.nopcommerce.testcases.HomePageTest" name="verifyLogo" time="2.688"/>
  <testcase classname="com.nopcommerce.testcases.HomePageTest" name="verifyProductSearchFunctionality" time="4.689"/>
</testsuite> <!-- com.nopcommerce.testcases.HomePageTest -->
