<?xml version="1.0" encoding="UTF-8"?>
<!-- Generated by org.testng.reporters.JUnitReportReporter -->
<testsuite hostname="Jagdish" failures="0" tests="1" name="com.nopcommerce.testcases.EndToEndTest" time="17.419" errors="0" timestamp="2023-09-07T12:49:30 IST" skipped="0">
  <testcase classname="com.nopcommerce.testcases.EndToEndTest" name="verifyEndToEndApplicationFunctionality" time="17.419"/>
</testsuite> <!-- com.nopcommerce.testcases.EndToEndTest -->
