<?xml version="1.0" encoding="UTF-8"?>
<!-- Generated by org.testng.reporters.JUnitReportReporter -->
<testsuite hostname="Jagdish" failures="0" tests="1" name="com.nopcommerce.testcases.CartPageTest" time="6.559" errors="0" timestamp="2023-09-07T15:12:26 IST" skipped="0">
  <testcase classname="com.nopcommerce.testcases.CartPageTest" name="verifyProductTotalPrice" time="6.559"/>
</testsuite> <!-- com.nopcommerce.testcases.CartPageTest -->
