<?xml version="1.0" encoding="UTF-8"?>
<!-- Generated by org.testng.reporters.JUnitReportReporter -->
<testsuite hostname="Jagdish" failures="0" tests="2" name="com.nopcommerce.testcases.ProductDetailsPageTest" time="20.754" errors="0" timestamp="2023-09-07T15:12:26 IST" skipped="0">
  <testcase classname="com.nopcommerce.testcases.ProductDetailsPageTest" name="verifyProductNameAndProductPrice" time="7.614"/>
  <testcase classname="com.nopcommerce.testcases.ProductDetailsPageTest" name="verifyAddToCartFunctionality" time="13.140"/>
</testsuite> <!-- com.nopcommerce.testcases.ProductDetailsPageTest -->
