<?xml version="1.0" encoding="UTF-8"?>
<!-- Generated by org.testng.reporters.JUnitReportReporter -->
<testsuite hostname="IN-PG02C94N" failures="0" tests="1" name="com.nopcommerce.testcases.SearchResultPageTest" time="21.756" errors="0" timestamp="2023-08-16T16:49:57 IST" skipped="0">
  <testcase classname="com.nopcommerce.testcases.SearchResultPageTest" name="verifyProductName" time="21.756"/>
</testsuite> <!-- com.nopcommerce.testcases.SearchResultPageTest -->
